<?xml version="1.0" encoding="UTF-8"?>
<!-- Generated by org.testng.reporters.JUnitReportReporter -->
<testsuite hostname="WGC100GT7J793" name="tests_Android.ReadExcelTestData" tests="1" failures="0" timestamp="14 Apr 2021 19:04:51 GMT" time="0.632" errors="0">
  <testcase name="test1" time="0.632" classname="tests_Android.ReadExcelTestData"/>
</testsuite> <!-- tests_Android.ReadExcelTestData -->
