<?xml version="1.0" encoding="UTF-8"?>
<!-- Generated by org.testng.reporters.JUnitReportReporter -->
<testsuite hostname="WGC100GT7J793" name="tests_Android.Phase1_TestCase2_VerifyTechnicianLandingPage" tests="1" failures="0" timestamp="26 Jul 2021 14:01:13 GMT" time="95.785" errors="0">
  <testcase name="MenuOptions" time="95.785" classname="tests_Android.Phase1_TestCase2_VerifyTechnicianLandingPage"/>
</testsuite> <!-- tests_Android.Phase1_TestCase2_VerifyTechnicianLandingPage -->
