<?xml version="1.0" encoding="UTF-8"?>
<!-- Generated by org.testng.reporters.JUnitReportReporter -->
<testsuite hostname="LAPTOP-JF7LLMJD" failures="0" tests="1" name="tests.BaseClass" time="0.004" errors="0" timestamp="09 Apr 2021 13:57:06 GMT" skipped="0">
  <testcase classname="tests.BaseClass" name="sample" time="0.004"/>
</testsuite> <!-- tests.BaseClass -->
