<?xml version="1.0" encoding="UTF-8"?>
<!-- Generated by org.testng.reporters.JUnitReportReporter -->
<testsuite hostname="WGC100GT7J793" name="tests_Android.TechnicianLogin" tests="3" failures="0" timestamp="14 Apr 2021 12:34:41 GMT" time="49.133" errors="0">
  <testcase name="Login" time="28.706" classname="tests_Android.TechnicianLogin"/>
  <testcase name="sample" time="0.003" classname="tests_Android.TechnicianLogin"/>
  <testcase name="AutheticateClient" time="20.424" classname="tests_Android.TechnicianLogin"/>
</testsuite> <!-- tests_Android.TechnicianLogin -->
