<?xml version="1.0" encoding="UTF-8"?>
<!-- Generated by org.testng.reporters.JUnitReportReporter -->
<testsuite hostname="WGC100GT7J793" name="tests_Android.TestCase3_WorkOrderScreen" tests="1" failures="0" timestamp="22 Apr 2021 17:01:22 GMT" time="103.811" errors="0">
  <testcase name="WOScreenTechnician" time="103.811" classname="tests_Android.TestCase3_WorkOrderScreen"/>
</testsuite> <!-- tests_Android.TestCase3_WorkOrderScreen -->
