<?xml version="1.0" encoding="UTF-8"?>
<!-- Generated by org.testng.reporters.JUnitReportReporter -->
<testsuite hostname="LAPTOP-JF7LLMJD" failures="0" tests="3" name="tests.TechnicianLogin" time="36.201" errors="0" timestamp="09 Apr 2021 15:44:50 GMT" skipped="0">
  <testcase classname="tests.TechnicianLogin" name="Login" time="23.315"/>
  <testcase classname="tests.TechnicianLogin" name="AutheticateClient" time="12.882"/>
  <testcase classname="tests.TechnicianLogin" name="sample" time="0.004"/>
</testsuite> <!-- tests.TechnicianLogin -->
