<?xml version="1.0" encoding="UTF-8"?>
<!-- Generated by org.testng.reporters.JUnitReportReporter -->
<testsuite hostname="WGC100GT7J793" name="tests_Android.TestCase1" tests="1" failures="0" timestamp="15 Apr 2021 15:42:43 GMT" time="62.077" errors="0">
  <testcase name="LoginTech" time="62.077" classname="tests_Android.TestCase1"/>
</testsuite> <!-- tests_Android.TestCase1 -->
