<?xml version="1.0" encoding="UTF-8"?>
<!-- Generated by org.testng.reporters.JUnitReportReporter -->
<testsuite hostname="WGC100GT7J793" name="tests_Android.Phase1_SSOLogin" tests="1" failures="0" timestamp="21 Jul 2021 18:03:48 GMT" time="103.156" errors="0">
  <testcase name="LoginTech" time="103.156" classname="tests_Android.Phase1_SSOLogin"/>
</testsuite> <!-- tests_Android.Phase1_SSOLogin -->
