<?xml version="1.0" encoding="UTF-8"?>
<!-- Generated by org.testng.reporters.JUnitReportReporter -->
<testsuite hostname="WGC100GT7J793" name="tests_Android.TestCase2_VerifyTechnicianLandingPage" tests="1" failures="0" timestamp="22 Apr 2021 17:13:53 GMT" time="55.823" errors="0">
  <testcase name="MenuOptions" time="55.823" classname="tests_Android.TestCase2_VerifyTechnicianLandingPage"/>
</testsuite> <!-- tests_Android.TestCase2_VerifyTechnicianLandingPage -->
