<?xml version="1.0" encoding="UTF-8"?>
<!-- Generated by org.testng.reporters.JUnitReportReporter -->
<testsuite hostname="WGC100GT7J793" name="tests_Android.StartMyShift" tests="1" failures="0" timestamp="15 Apr 2021 17:40:44 GMT" time="69.372" errors="0">
  <testcase name="CheckStateOfTechnician" time="69.372" classname="tests_Android.StartMyShift"/>
</testsuite> <!-- tests_Android.StartMyShift -->
