<?xml version="1.0" encoding="UTF-8"?>
<!-- Generated by org.testng.reporters.JUnitReportReporter -->
<testsuite hostname="LAPTOP-JF7LLMJD" failures="0" tests="2" name="tests.ClientIDLoginAuthentication" time="13.386" errors="0" timestamp="09 Apr 2021 14:54:19 GMT" skipped="0">
  <testcase classname="tests.ClientIDLoginAuthentication" name="AutheticateClient" time="13.382"/>
  <testcase classname="tests.ClientIDLoginAuthentication" name="sample" time="0.004"/>
</testsuite> <!-- tests.ClientIDLoginAuthentication -->
