<?xml version="1.0" encoding="UTF-8"?>
<!-- Generated by org.testng.reporters.JUnitReportReporter -->
<testsuite hostname="WGC100GT7J793" name="tests_Android.VerifyTechnicianLandingPage" tests="4" failures="0" timestamp="14 Apr 2021 12:36:30 GMT" time="56.169" errors="0">
  <testcase name="MenuOptions" time="5.808" classname="tests_Android.VerifyTechnicianLandingPage"/>
  <testcase name="Login" time="29.753" classname="tests_Android.VerifyTechnicianLandingPage"/>
  <testcase name="sample" time="0.002" classname="tests_Android.VerifyTechnicianLandingPage"/>
  <testcase name="AutheticateClient" time="20.606" classname="tests_Android.VerifyTechnicianLandingPage"/>
</testsuite> <!-- tests_Android.VerifyTechnicianLandingPage -->
