<?xml version="1.0" encoding="UTF-8"?>
<!-- Generated by org.testng.reporters.JUnitReportReporter -->
<testsuite hostname="WGC100GT7J793" name="tests_Android.TestCase_Tasks" tests="1" failures="0" timestamp="19 Apr 2021 22:58:45 GMT" time="77.046" errors="1">
  <testcase name="TaskScreenOperations" time="77.046" classname="tests_Android.TestCase_Tasks">
    <error type="org.openqa.selenium.NoSuchElementException" message="UiSelector[CLASS=android.view.View, INSTANCE=62]
For documentation on this error, please visit: https://www.seleniumhq.org/exceptions/no_such_element.html
Build info: version: &#039;4.0.0-alpha-1&#039;, revision: &#039;d1d3728cae&#039;, time: &#039;2019-04-24T13:42:21&#039;
System info: host: &#039;WGC100GT7J793&#039;, ip: &#039;19.51.86.84&#039;, os.name: &#039;Windows 10&#039;, os.arch: &#039;amd64&#039;, os.version: &#039;10.0&#039;, java.version: &#039;1.8.0_202&#039;
Driver info: io.appium.java_client.android.AndroidDriver
Capabilities {appActivity: com.chevin.workshophub.Main..., appPackage: com.chevin.workshophub, automationName: UiAutomator1, databaseEnabled: false, desired: {appActivity: com.chevin.workshophub.Main..., appPackage: com.chevin.workshophub, automationName: UiAutomator1, deviceName: Moto G5 Plus, newCommandTimeout: 60, platformName: android, platformVersion: 8.1.0, udid: ZY224VM3HD}, deviceManufacturer: motorola, deviceModel: Moto G (5) Plus, deviceName: ZY224VM3HD, deviceScreenSize: 1080x1920, deviceUDID: ZY224VM3HD, javascriptEnabled: true, locationContextEnabled: false, networkConnectionEnabled: true, newCommandTimeout: 60, platform: LINUX, platformName: Android, platformVersion: 8.1.0, takesScreenshot: true, udid: ZY224VM3HD, warnings: {}, webStorageEnabled: false}
Session ID: 15657593-8bb9-4c9f-9b6d-77821ebf0592">
      <![CDATA[org.openqa.selenium.NoSuchElementException: UiSelector[CLASS=android.view.View, INSTANCE=62]
For documentation on this error, please visit: https://www.seleniumhq.org/exceptions/no_such_element.html
Build info: version: '4.0.0-alpha-1', revision: 'd1d3728cae', time: '2019-04-24T13:42:21'
System info: host: 'WGC100GT7J793', ip: '19.51.86.84', os.name: 'Windows 10', os.arch: 'amd64', os.version: '10.0', java.version: '1.8.0_202'
Driver info: io.appium.java_client.android.AndroidDriver
Capabilities {appActivity: com.chevin.workshophub.Main..., appPackage: com.chevin.workshophub, automationName: UiAutomator1, databaseEnabled: false, desired: {appActivity: com.chevin.workshophub.Main..., appPackage: com.chevin.workshophub, automationName: UiAutomator1, deviceName: Moto G5 Plus, newCommandTimeout: 60, platformName: android, platformVersion: 8.1.0, udid: ZY224VM3HD}, deviceManufacturer: motorola, deviceModel: Moto G (5) Plus, deviceName: ZY224VM3HD, deviceScreenSize: 1080x1920, deviceUDID: ZY224VM3HD, javascriptEnabled: true, locationContextEnabled: false, networkConnectionEnabled: true, newCommandTimeout: 60, platform: LINUX, platformName: Android, platformVersion: 8.1.0, takesScreenshot: true, udid: ZY224VM3HD, warnings: {}, webStorageEnabled: false}
Session ID: 15657593-8bb9-4c9f-9b6d-77821ebf0592
	at sun.reflect.NativeConstructorAccessorImpl.newInstance0(Native Method)
	at sun.reflect.NativeConstructorAccessorImpl.newInstance(Unknown Source)
	at sun.reflect.DelegatingConstructorAccessorImpl.newInstance(Unknown Source)
	at java.lang.reflect.Constructor.newInstance(Unknown Source)
	at org.openqa.selenium.remote.codec.w3c.W3CHttpResponseCodec.createException(W3CHttpResponseCodec.java:190)
	at org.openqa.selenium.remote.codec.w3c.W3CHttpResponseCodec.decode(W3CHttpResponseCodec.java:124)
	at org.openqa.selenium.remote.codec.w3c.W3CHttpResponseCodec.decode(W3CHttpResponseCodec.java:51)
	at org.openqa.selenium.remote.HttpCommandExecutor.execute(HttpCommandExecutor.java:161)
	at io.appium.java_client.remote.AppiumCommandExecutor.execute(AppiumCommandExecutor.java:239)
	at org.openqa.selenium.remote.RemoteWebDriver.execute(RemoteWebDriver.java:577)
	at org.openqa.selenium.remote.RemoteWebElement.execute(RemoteWebElement.java:308)
	at org.openqa.selenium.remote.RemoteWebElement.click(RemoteWebElement.java:83)
	at tests_Android.TestCase_Tasks.TaskScreenOperations(TestCase_Tasks.java:30)
	at sun.reflect.NativeMethodAccessorImpl.invoke0(Native Method)
	at sun.reflect.NativeMethodAccessorImpl.invoke(Unknown Source)
	at sun.reflect.DelegatingMethodAccessorImpl.invoke(Unknown Source)
	at java.lang.reflect.Method.invoke(Unknown Source)
	at org.testng.internal.MethodInvocationHelper.invokeMethod(MethodInvocationHelper.java:86)
	at org.testng.internal.Invoker.invokeMethod(Invoker.java:645)
	at org.testng.internal.Invoker.invokeTestMethod(Invoker.java:822)
	at org.testng.internal.Invoker.invokeTestMethods(Invoker.java:1130)
	at org.testng.internal.TestMethodWorker.invokeTestMethods(TestMethodWorker.java:129)
	at org.testng.internal.TestMethodWorker.run(TestMethodWorker.java:112)
	at org.testng.TestRunner.privateRun(TestRunner.java:782)
	at org.testng.TestRunner.run(TestRunner.java:632)
	at org.testng.SuiteRunner.runTest(SuiteRunner.java:366)
	at org.testng.SuiteRunner.runSequentially(SuiteRunner.java:361)
	at org.testng.SuiteRunner.privateRun(SuiteRunner.java:319)
	at org.testng.SuiteRunner.run(SuiteRunner.java:268)
	at org.testng.SuiteRunnerWorker.runSuite(SuiteRunnerWorker.java:52)
	at org.testng.SuiteRunnerWorker.run(SuiteRunnerWorker.java:86)
	at org.testng.TestNG.runSuitesSequentially(TestNG.java:1244)
	at org.testng.TestNG.runSuitesLocally(TestNG.java:1169)
	at org.testng.TestNG.run(TestNG.java:1064)
	at org.testng.remote.RemoteTestNG.run(RemoteTestNG.java:113)
	at org.testng.remote.RemoteTestNG.initAndRun(RemoteTestNG.java:206)
	at org.testng.remote.RemoteTestNG.main(RemoteTestNG.java:177)
]]>
    </error>
  </testcase> <!-- TaskScreenOperations -->
</testsuite> <!-- tests_Android.TestCase_Tasks -->
